<?xml version="1.0" encoding="utf-8"?><testsuite errors="0" failures="0" name="pytest" skipped="3" tests="25" time="7.170"><testcase classname="tests.test_coverage.TestCoverageIO" file="tests/test_coverage.py" line="31" name="test_read_to_maskedarray" time="0.010"></testcase><testcase classname="tests.test_coverage.TestRotateRaster" file="tests/test_coverage.py" line="80" name="test_rotate_raster_masked" time="0.001"><skipped message="Not implemented" type="pytest.skip">tests/test_coverage.py:80: Not implemented</skipped></testcase><testcase classname="tests.test_coverage.TestRotateRaster" file="tests/test_coverage.py" line="44" name="test_rotate_raster_no_mask" time="0.031"></testcase><testcase classname="tests.test_coverage.TestCoverageService" file="tests/test_coverage.py" line="114" name="test_get_data" time="0.001"><skipped message="No connection" type="pytest.skip">tests/test_coverage.py:114: No connection</skipped></testcase><testcase classname="tests.test_coverage.TestCoverageService" file="tests/test_coverage.py" line="127" name="test_get_data_no_name" time="0.001"><skipped message="No connection" type="pytest.skip">tests/test_coverage.py:127: No connection</skipped></testcase><testcase classname="tests.test_geometry.TestStamp" file="tests/test_geometry.py" line="47" name="test_make_box" time="1.715"></testcase><testcase classname="tests.test_geometry.TestStamp" file="tests/test_geometry.py" line="65" name="test_make_box_no_proj" time="1.052"></testcase><testcase classname="tests.test_geometry.TestStamp" file="tests/test_geometry.py" line="81" name="test_make_box_output_proj" time="1.534"></testcase><testcase classname="tests.test_reprojection.TestReprojection" file="tests/test_reprojection.py" line="25" name="test_fail_on_unknown" time="0.001"></testcase><testcase classname="tests.test_reprojection.TestReprojection" file="tests/test_reprojection.py" line="30" name="test_fail_on_unknown_geom" time="0.001"></testcase><testcase classname="tests.test_reprojection.TestReprojection" file="tests/test_reprojection.py" line="19" name="test_identity_proj" time="0.001"></testcase><testcase classname="tests.test_reprojection.TestReprojection" file="tests/test_reprojection.py" line="51" name="test_reproject_linestring" time="0.001"></testcase><testcase classname="tests.test_reprojection.TestReprojection" file="tests/test_reprojection.py" line="58" name="test_reproject_multilinestring" time="0.002"></testcase><testcase classname="tests.test_reprojection.TestReprojection" file="tests/test_reprojection.py" line="43" name="test_reproject_multipoint" time="0.002"></testcase><testcase classname="tests.test_reprojection.TestReprojection" file="tests/test_reprojection.py" line="83" name="test_reproject_multipolygon" time="0.003"></testcase><testcase classname="tests.test_reprojection.TestReprojection" file="tests/test_reprojection.py" line="36" name="test_reproject_point" time="0.001"></testcase><testcase classname="tests.test_reprojection.TestReprojection" file="tests/test_reprojection.py" line="66" name="test_reproject_polygon" time="0.002"></testcase><testcase classname="tests.test_reprojection.TestReprojection" file="tests/test_reprojection.py" line="73" name="test_reproject_polygon_holes" time="0.002"></testcase><testcase classname="tests.test_rotation.TestRotation" file="tests/test_rotation.py" line="25" name="test_conversions" time="0.002"><system-out>all ok!
</system-out></testcase><testcase classname="tests.test_rotation.TestRotation" file="tests/test_rotation.py" line="86" name="test_rotate_function" time="0.068"></testcase><testcase classname="tests.test_rotation.TestRotation" file="tests/test_rotation.py" line="96" name="test_rotate_function_geometries" time="0.080"></testcase><testcase classname="tests.test_rotation.TestRotation" file="tests/test_rotation.py" line="57" name="test_rotation" time="0.005"></testcase><testcase classname="tests.test_utilities.TestUtilities" file="tests/test_utilities.py" line="29" name="test_isfinite" time="0.002"><system-out>[1 2 3 4]
</system-out></testcase><testcase classname="tests.test_utilities.TestUtilities" file="tests/test_utilities.py" line="18" name="test_qclip" time="0.013"></testcase><testcase classname="tests.test_version.TestVersion" file="tests/test_version.py" line="6" name="test_version" time="0.001"></testcase></testsuite>